Fri Aug 22 17:13:29 PDT 2025: CONTENT_ANALYSIS: 'UNEXUSI_STATE_ANALYSIS.md' -> 'entity_document' (confidence: 0.8)
Fri Aug 22 17:13:29 PDT 2025: TITLE_CLEAN: 'UNEXUSI_STATE_ANALYSIS.md' -> 'UNEXUSI_STATE_ANALYSIS.md' (confidence: 0.8)
Fri Aug 22 17:13:29 PDT 2025: CONTENT_ANALYSIS: 'UNEXUSI_STATE_ANALYSIS.md' -> 'entity_document' (confidence: 0.8)
Fri Aug 22 17:13:29 PDT 2025: CATEGORY_SUGGEST: 'UNEXUSI_STATE_ANALYSIS.md' -> 'ðŸ“markdown' (confidence: 0.8)
Fri Aug 22 17:13:29 PDT 2025: SUCCESS: AI categorization successful for 'UNEXUSI_STATE_ANALYSIS.md' -> 'ðŸ“markdown'
Fri Aug 22 17:13:30 PDT 2025: CONTENT_ANALYSIS: 'Terminal transcript 202508221005.txt' -> 'standard_document' (confidence: 0.7)
Fri Aug 22 17:13:30 PDT 2025: TITLE_CLEAN: 'Terminal transcript 202508221005.txt' -> 'Terminal transcript 202508221005.txt' (confidence: 0.8)
Fri Aug 22 17:13:30 PDT 2025: CONTENT_ANALYSIS: 'Terminal transcript 202508221005.txt' -> 'standard_document' (confidence: 0.7)
Fri Aug 22 17:13:30 PDT 2025: CATEGORY_SUGGEST: 'Terminal transcript 202508221005.txt' -> 'ðŸ“ƒtxt' (confidence: 0.7)
Fri Aug 22 17:13:31 PDT 2025: SUCCESS: AI categorization successful for 'Terminal transcript 202508221005.txt' -> 'ðŸ“ƒtxt'
Fri Aug 22 17:13:31 PDT 2025: CONTENT_ANALYSIS: 'simplex_ai_controller.sh' -> 'executable_script' (confidence: 0.95)
Fri Aug 22 17:13:31 PDT 2025: TITLE_CLEAN: 'simplex_ai_controller.sh' -> 'simplex_ai_controller.sh' (confidence: 0.8)
Fri Aug 22 17:13:31 PDT 2025: CONTENT_ANALYSIS: 'simplex_ai_controller.sh' -> 'executable_script' (confidence: 0.95)
Fri Aug 22 17:13:31 PDT 2025: CATEGORY_SUGGEST: 'simplex_ai_controller.sh' -> 'âš™ï¸scripts' (confidence: 0.95)
Fri Aug 22 17:13:31 PDT 2025: SUCCESS: AI categorization successful for 'simplex_ai_controller.sh' -> 'âš™ï¸scripts'
Fri Aug 22 17:24:20 PDT 2025: CONTENT_ANALYSIS: 'UNEXUSI_STATE_ANALYSIS.md' -> 'entity_document' (confidence: 0.8)
Fri Aug 22 17:24:20 PDT 2025: CONTENT_ANALYSIS: 'UNEXUSI_STATE_ANALYSIS.md' -> 'entity_document' (confidence: 0.8)
Fri Aug 22 17:24:20 PDT 2025: CATEGORY_SUGGEST: 'UNEXUSI_STATE_ANALYSIS.md' -> 'ðŸ“markdown' (confidence: 0.8)
Fri Aug 22 17:24:20 PDT 2025: TITLE_CLEAN: 'UNEXUSI_STATE_ANALYSIS.md' -> 'UNEXUSI_STATE_ANALYSIS.md' (confidence: 0.8)
Fri Aug 22 17:24:20 PDT 2025: CONTENT_ANALYSIS: 'Terminal transcript 202508221005.txt' -> 'standard_document' (confidence: 0.7)
Fri Aug 22 17:24:21 PDT 2025: CONTENT_ANALYSIS: 'Terminal transcript 202508221005.txt' -> 'standard_document' (confidence: 0.7)
Fri Aug 22 17:24:21 PDT 2025: CATEGORY_SUGGEST: 'Terminal transcript 202508221005.txt' -> 'ðŸ“ƒtxt' (confidence: 0.7)
Fri Aug 22 17:24:21 PDT 2025: TITLE_CLEAN: 'Terminal transcript 202508221005.txt' -> 'Terminal transcript 202508221005.txt' (confidence: 0.8)
Fri Aug 22 17:24:21 PDT 2025: CONTENT_ANALYSIS: 'simplex_ai_controller.sh' -> 'executable_script' (confidence: 0.95)
Fri Aug 22 17:24:21 PDT 2025: CONTENT_ANALYSIS: 'simplex_ai_controller.sh' -> 'executable_script' (confidence: 0.95)
Fri Aug 22 17:24:21 PDT 2025: CATEGORY_SUGGEST: 'simplex_ai_controller.sh' -> 'âš™ï¸scripts' (confidence: 0.95)
Fri Aug 22 17:24:21 PDT 2025: TITLE_CLEAN: 'simplex_ai_controller.sh' -> 'simplex_ai_controller.sh' (confidence: 0.8)
