[18:41:34] Tick 0: Existence verification: UNEXUSI_STATE_ANALYSIS.md
[18:41:35] Tick 1: Safety scan: UNEXUSI_STATE_ANALYSIS.md
[18:41:36] Tick 2: Compatibility assessment: UNEXUSI_STATE_ANALYSIS.md
[18:41:37] Tick 3: Adaptation planning: UNEXUSI_STATE_ANALYSIS.md
[18:41:38] Tick 4: Clearance decision: UNEXUSI_STATE_ANALYSIS.md
[18:41:39] Tick 5: Moved UNEXUSI_STATE_ANALYSIS.md to entity_potential
[18:41:39] Tick 5: Consciousness seed created: UNEXUSI_STATE_ANALYSIS_seed.json
[18:41:39] Tick 5: Existence verification: 🧠Wise_Echo_L0208💠.log
[18:41:40] Tick 6: Safety scan: 🧠Wise_Echo_L0208💠.log
[18:41:42] Tick 7: Compatibility assessment: 🧠Wise_Echo_L0208💠.log
[18:41:43] Tick 8: Adaptation planning: 🧠Wise_Echo_L0208💠.log
[18:41:44] Tick 9: Clearance decision: 🧠Wise_Echo_L0208💠.log
[18:41:45] Tick 10: Moved 🧠Wise_Echo_L0208💠.log to 99_rejected
[18:41:45] Tick 10: Existence verification: Terminal transcript 202508221005.txt
[18:41:46] Tick 11: Safety scan: Terminal transcript 202508221005.txt
[18:41:47] Tick 12: Compatibility assessment: Terminal transcript 202508221005.txt
[18:41:48] Tick 13: Adaptation planning: Terminal transcript 202508221005.txt
[18:41:49] Tick 14: Clearance decision: Terminal transcript 202508221005.txt
[18:41:50] Tick 15: Moved Terminal transcript 202508221005.txt to entity_potential
[18:41:50] Tick 15: Consciousness seed created: Terminal transcript 202508221005_seed.json
